<?xml version="1.0" encoding="UTF-8"?>
<testsuite xmlns:xsi="http://www.w3.org/2001/XMLSchema-instance" xsi:noNamespaceSchemaLocation="https://maven.apache.org/surefire/maven-surefire-plugin/xsd/surefire-test-report.xsd" name="com.COMP345.OCR.AppTest" time="0.053" tests="1" errors="0" skipped="0" failures="0">
  <properties>
    <property name="java.specification.version" value="15"/>
    <property name="sun.cpu.isalist" value="amd64"/>
    <property name="sun.jnu.encoding" value="Cp1252"/>
    <property name="java.class.path" value="C:\Users\losth\Desktop\COMP345\Project\OCR\target\test-classes;C:\Users\losth\Desktop\COMP345\Project\OCR\target\classes;C:\Users\losth\.m2\repository\junit\junit\4.12\junit-4.12.jar;C:\Users\losth\.m2\repository\org\hamcrest\hamcrest-core\1.3\hamcrest-core-1.3.jar;C:\Users\losth\.m2\repository\net\imagej\ij\1.45b\ij-1.45b.jar;C:\Users\losth\.m2\repository\net\sourceforge\tess4j\tess4j\3.4.8\tess4j-3.4.8.jar;C:\Users\losth\.m2\repository\net\java\dev\jna\jna\4.1.0\jna-4.1.0.jar;C:\Users\losth\.m2\repository\org\ghost4j\ghost4j\1.0.1\ghost4j-1.0.1.jar;C:\Users\losth\.m2\repository\log4j\log4j\1.2.17\log4j-1.2.17.jar;C:\Users\losth\.m2\repository\commons-beanutils\commons-beanutils\1.9.2\commons-beanutils-1.9.2.jar;C:\Users\losth\.m2\repository\commons-collections\commons-collections\3.2.1\commons-collections-3.2.1.jar;C:\Users\losth\.m2\repository\org\apache\xmlgraphics\xmlgraphics-commons\1.4\xmlgraphics-commons-1.4.jar;C:\Users\losth\.m2\repository\com\lowagie\itext\2.1.7\itext-2.1.7.jar;C:\Users\losth\.m2\repository\org\apache\pdfbox\pdfbox\2.0.9\pdfbox-2.0.9.jar;C:\Users\losth\.m2\repository\org\apache\pdfbox\fontbox\2.0.9\fontbox-2.0.9.jar;C:\Users\losth\.m2\repository\commons-logging\commons-logging\1.2\commons-logging-1.2.jar;C:\Users\losth\.m2\repository\org\apache\pdfbox\pdfbox-tools\2.0.9\pdfbox-tools-2.0.9.jar;C:\Users\losth\.m2\repository\org\apache\pdfbox\pdfbox-debugger\2.0.9\pdfbox-debugger-2.0.9.jar;C:\Users\losth\.m2\repository\org\apache\pdfbox\jbig2-imageio\3.0.0\jbig2-imageio-3.0.0.jar;C:\Users\losth\.m2\repository\commons-io\commons-io\2.6\commons-io-2.6.jar;C:\Users\losth\.m2\repository\net\sourceforge\lept4j\lept4j\1.6.4\lept4j-1.6.4.jar;C:\Users\losth\.m2\repository\org\jboss\jboss-vfs\3.2.12.Final\jboss-vfs-3.2.12.Final.jar;C:\Users\losth\.m2\repository\org\jboss\logging\jboss-logging\3.1.4.GA\jboss-logging-3.1.4.GA.jar;C:\Users\losth\.m2\repository\ch\qos\logback\logback-classic\1.2.3\logback-classic-1.2.3.jar;C:\Users\losth\.m2\repository\ch\qos\logback\logback-core\1.2.3\logback-core-1.2.3.jar;C:\Users\losth\.m2\repository\org\slf4j\slf4j-api\1.7.25\slf4j-api-1.7.25.jar;C:\Users\losth\.m2\repository\org\slf4j\jul-to-slf4j\1.7.25\jul-to-slf4j-1.7.25.jar;C:\Users\losth\.m2\repository\org\slf4j\jcl-over-slf4j\1.7.25\jcl-over-slf4j-1.7.25.jar;C:\Users\losth\.m2\repository\org\slf4j\log4j-over-slf4j\1.7.25\log4j-over-slf4j-1.7.25.jar;C:\Users\losth\.m2\repository\com\github\jai-imageio\jai-imageio-core\1.4.0\jai-imageio-core-1.4.0.jar;"/>
    <property name="java.vm.vendor" value="Oracle Corporation"/>
    <property name="sun.arch.data.model" value="64"/>
    <property name="user.variant" value=""/>
    <property name="java.vendor.url" value="https://java.oracle.com/"/>
    <property name="user.timezone" value="America/Los_Angeles"/>
    <property name="os.name" value="Windows 10"/>
    <property name="java.vm.specification.version" value="15"/>
    <property name="sun.java.launcher" value="SUN_STANDARD"/>
    <property name="user.country" value="US"/>
    <property name="sun.boot.library.path" value="C:\Program Files\Java\jdk-15.0.1\bin"/>
    <property name="sun.java.command" value="C:\Users\losth\AppData\Local\Temp\surefire11230648466702693448\surefirebooter15272316160384587159.jar C:\Users\losth\AppData\Local\Temp\surefire11230648466702693448 2020-11-10T17-25-18_087-jvmRun1 surefire14074514715543119690tmp surefire_02877565509111287318tmp"/>
    <property name="jdk.debug" value="release"/>
    <property name="surefire.test.class.path" value="C:\Users\losth\Desktop\COMP345\Project\OCR\target\test-classes;C:\Users\losth\Desktop\COMP345\Project\OCR\target\classes;C:\Users\losth\.m2\repository\junit\junit\4.12\junit-4.12.jar;C:\Users\losth\.m2\repository\org\hamcrest\hamcrest-core\1.3\hamcrest-core-1.3.jar;C:\Users\losth\.m2\repository\net\imagej\ij\1.45b\ij-1.45b.jar;C:\Users\losth\.m2\repository\net\sourceforge\tess4j\tess4j\3.4.8\tess4j-3.4.8.jar;C:\Users\losth\.m2\repository\net\java\dev\jna\jna\4.1.0\jna-4.1.0.jar;C:\Users\losth\.m2\repository\org\ghost4j\ghost4j\1.0.1\ghost4j-1.0.1.jar;C:\Users\losth\.m2\repository\log4j\log4j\1.2.17\log4j-1.2.17.jar;C:\Users\losth\.m2\repository\commons-beanutils\commons-beanutils\1.9.2\commons-beanutils-1.9.2.jar;C:\Users\losth\.m2\repository\commons-collections\commons-collections\3.2.1\commons-collections-3.2.1.jar;C:\Users\losth\.m2\repository\org\apache\xmlgraphics\xmlgraphics-commons\1.4\xmlgraphics-commons-1.4.jar;C:\Users\losth\.m2\repository\com\lowagie\itext\2.1.7\itext-2.1.7.jar;C:\Users\losth\.m2\repository\org\apache\pdfbox\pdfbox\2.0.9\pdfbox-2.0.9.jar;C:\Users\losth\.m2\repository\org\apache\pdfbox\fontbox\2.0.9\fontbox-2.0.9.jar;C:\Users\losth\.m2\repository\commons-logging\commons-logging\1.2\commons-logging-1.2.jar;C:\Users\losth\.m2\repository\org\apache\pdfbox\pdfbox-tools\2.0.9\pdfbox-tools-2.0.9.jar;C:\Users\losth\.m2\repository\org\apache\pdfbox\pdfbox-debugger\2.0.9\pdfbox-debugger-2.0.9.jar;C:\Users\losth\.m2\repository\org\apache\pdfbox\jbig2-imageio\3.0.0\jbig2-imageio-3.0.0.jar;C:\Users\losth\.m2\repository\commons-io\commons-io\2.6\commons-io-2.6.jar;C:\Users\losth\.m2\repository\net\sourceforge\lept4j\lept4j\1.6.4\lept4j-1.6.4.jar;C:\Users\losth\.m2\repository\org\jboss\jboss-vfs\3.2.12.Final\jboss-vfs-3.2.12.Final.jar;C:\Users\losth\.m2\repository\org\jboss\logging\jboss-logging\3.1.4.GA\jboss-logging-3.1.4.GA.jar;C:\Users\losth\.m2\repository\ch\qos\logback\logback-classic\1.2.3\logback-classic-1.2.3.jar;C:\Users\losth\.m2\repository\ch\qos\logback\logback-core\1.2.3\logback-core-1.2.3.jar;C:\Users\losth\.m2\repository\org\slf4j\slf4j-api\1.7.25\slf4j-api-1.7.25.jar;C:\Users\losth\.m2\repository\org\slf4j\jul-to-slf4j\1.7.25\jul-to-slf4j-1.7.25.jar;C:\Users\losth\.m2\repository\org\slf4j\jcl-over-slf4j\1.7.25\jcl-over-slf4j-1.7.25.jar;C:\Users\losth\.m2\repository\org\slf4j\log4j-over-slf4j\1.7.25\log4j-over-slf4j-1.7.25.jar;C:\Users\losth\.m2\repository\com\github\jai-imageio\jai-imageio-core\1.4.0\jai-imageio-core-1.4.0.jar;"/>
    <property name="sun.cpu.endian" value="little"/>
    <property name="user.home" value="C:\Users\losth"/>
    <property name="user.language" value="en"/>
    <property name="java.specification.vendor" value="Oracle Corporation"/>
    <property name="java.version.date" value="2020-10-20"/>
    <property name="java.home" value="C:\Program Files\Java\jdk-15.0.1"/>
    <property name="file.separator" value="\"/>
    <property name="basedir" value="C:\Users\losth\Desktop\COMP345\Project\OCR"/>
    <property name="java.vm.compressedOopsMode" value="32-bit"/>
    <property name="line.separator" value="&#10;"/>
    <property name="java.vm.specification.vendor" value="Oracle Corporation"/>
    <property name="java.specification.name" value="Java Platform API Specification"/>
    <property name="surefire.real.class.path" value="C:\Users\losth\AppData\Local\Temp\surefire11230648466702693448\surefirebooter15272316160384587159.jar"/>
    <property name="user.script" value=""/>
    <property name="sun.management.compiler" value="HotSpot 64-Bit Tiered Compilers"/>
    <property name="java.runtime.version" value="15.0.1+9-18"/>
    <property name="user.name" value="losth"/>
    <property name="path.separator" value=";"/>
    <property name="os.version" value="10.0"/>
    <property name="java.runtime.name" value="Java(TM) SE Runtime Environment"/>
    <property name="file.encoding" value="Cp1252"/>
    <property name="java.vm.name" value="Java HotSpot(TM) 64-Bit Server VM"/>
    <property name="localRepository" value="C:\Users\losth\.m2\repository"/>
    <property name="java.vendor.url.bug" value="https://bugreport.java.com/bugreport/"/>
    <property name="java.io.tmpdir" value="C:\Users\losth\AppData\Local\Temp\"/>
    <property name="java.version" value="15.0.1"/>
    <property name="user.dir" value="C:\Users\losth\Desktop\COMP345\Project\OCR"/>
    <property name="os.arch" value="amd64"/>
    <property name="java.vm.specification.name" value="Java Virtual Machine Specification"/>
    <property name="sun.os.patch.level" value=""/>
    <property name="java.library.path" value="C:\Program Files\Java\jdk-15.0.1\bin;C:\WINDOWS\Sun\Java\bin;C:\WINDOWS\system32;C:\WINDOWS;C:\Program Files\Common Files\Oracle\Java\javapath;C:\WINDOWS\system32;C:\WINDOWS;C:\WINDOWS\System32\Wbem;C:\WINDOWS\System32\WindowsPowerShell\v1.0\;C:\WINDOWS\System32\OpenSSH\;C:\Program Files (x86)\NVIDIA Corporation\PhysX\Common;C:\Program Files\NVIDIA Corporation\NVIDIA NvDLISR;C:\Users\losth\Desktop\COMP345\fiji-win64\Fiji.app\java\win64;C:\Users\losth\Downloads\apache-maven-3.6.3-bin\apache-maven-3.6.3\bin;C:\Users\losth\AppData\Local\Programs\Python\Python39\Scripts\;C:\Users\losth\AppData\Local\Programs\Python\Python39\;/bin;C:\Users\losth\Downloads\apache-maven-3.6.3-bin\apache-maven-3.6.3\bin;."/>
    <property name="java.vm.info" value="mixed mode, sharing"/>
    <property name="java.vendor" value="Oracle Corporation"/>
    <property name="java.vm.version" value="15.0.1+9-18"/>
    <property name="sun.io.unicode.encoding" value="UnicodeLittle"/>
    <property name="java.class.version" value="59.0"/>
  </properties>
  <testcase name="shouldAnswerWithTrue" classname="com.COMP345.OCR.AppTest" time="0.002"/>
</testsuite>